c:\c++eksamen\c++eksamen\debug\vc141.pdb
c:\c++eksamen\c++eksamen\debug\vc141.idb
c:\c++eksamen\c++eksamen\debug\gamemanager.obj
c:\c++eksamen\c++eksamen\debug\statsmanager.obj
c:\c++eksamen\c++eksamen\debug\inputmanager.obj
c:\c++eksamen\c++eksamen\debug\player.obj
c:\c++eksamen\c++eksamen\debug\c++eksamen.pch
c:\c++eksamen\c++eksamen\debug\stdafx.obj
c:\c++eksamen\c++eksamen\debug\standardbot.obj
c:\c++eksamen\c++eksamen\debug\menuitems.obj
c:\c++eksamen\c++eksamen\debug\menu.obj
c:\c++eksamen\c++eksamen\debug\component.obj
c:\c++eksamen\c++eksamen\debug\c++eksamen.obj
c:\c++eksamen\c++eksamen\debug\bullet.obj
c:\c++eksamen\c++eksamen\debug\botmanager.obj
c:\c++eksamen\c++eksamen\debug\blockmanager.obj
c:\c++eksamen\c++eksamen\debug\block.obj
c:\c++eksamen\debug\c++eksamen.exe
c:\c++eksamen\debug\c++eksamen.ilk
c:\c++eksamen\debug\c++eksamen.pdb
c:\spaceinvaders-master\c++eksamen\debug\vc141.idb
c:\spaceinvaders-master\debug\c++eksamen.exe
c:\spaceinvaders-master\c++eksamen\debug\c++eksamen.tlog\cl.command.1.tlog
c:\spaceinvaders-master\c++eksamen\debug\c++eksamen.tlog\cl.read.1.tlog
c:\spaceinvaders-master\c++eksamen\debug\c++eksamen.tlog\cl.write.1.tlog
c:\spaceinvaders-master\c++eksamen\debug\c++eksamen.tlog\link.command.1.tlog
c:\spaceinvaders-master\c++eksamen\debug\c++eksamen.tlog\link.read.1.tlog
c:\spaceinvaders-master\c++eksamen\debug\c++eksamen.tlog\link.write.1.tlog
