c:\spaceinvaders-master\c++eksamen\debug\spaceinvaders.pch
c:\spaceinvaders-master\c++eksamen\debug\vc142.pdb
c:\spaceinvaders-master\c++eksamen\debug\vc142.idb
c:\spaceinvaders-master\c++eksamen\debug\stdafx.obj
c:\spaceinvaders-master\c++eksamen\debug\statsmanager.obj
c:\spaceinvaders-master\c++eksamen\debug\standardbot.obj
c:\spaceinvaders-master\c++eksamen\debug\player.obj
c:\spaceinvaders-master\c++eksamen\debug\menuitems.obj
c:\spaceinvaders-master\c++eksamen\debug\menu.obj
c:\spaceinvaders-master\c++eksamen\debug\inputmanager.obj
c:\spaceinvaders-master\c++eksamen\debug\gamemanager.obj
c:\spaceinvaders-master\c++eksamen\debug\component.obj
c:\spaceinvaders-master\c++eksamen\debug\c++eksamen.obj
c:\spaceinvaders-master\c++eksamen\debug\bullet.obj
c:\spaceinvaders-master\c++eksamen\debug\botmanager.obj
c:\spaceinvaders-master\c++eksamen\debug\blockmanager.obj
c:\spaceinvaders-master\c++eksamen\debug\block.obj
c:\spaceinvaders-master\debug\spaceinvaders.ilk
c:\spaceinvaders-master\debug\spaceinvaders.exe
c:\spaceinvaders-master\debug\spaceinvaders.pdb
c:\spaceinvaders-master\c++eksamen\debug\spaceinvaders.tlog\cl.command.1.tlog
c:\spaceinvaders-master\c++eksamen\debug\spaceinvaders.tlog\cl.read.1.tlog
c:\spaceinvaders-master\c++eksamen\debug\spaceinvaders.tlog\cl.write.1.tlog
c:\spaceinvaders-master\c++eksamen\debug\spaceinvaders.tlog\link.command.1.tlog
c:\spaceinvaders-master\c++eksamen\debug\spaceinvaders.tlog\link.read.1.tlog
c:\spaceinvaders-master\c++eksamen\debug\spaceinvaders.tlog\link.write.1.tlog
